<junithelper-extension>
  <arg class="java.util.Calendar" >
    <import>java.util.Calendar</import>
    <import>java.util.List</import>
    <import>static org.junit.Assert.*</import>
    <pattern name="Null">
      <assign>null</assign>
    </pattern>
    <pattern name="Now">
      <pre-assgin></pre-assgin>
      <assign>Calendar.getInstance();</assign>
      <post-assign></post-assign>
    </pattern>
    <pattern name="Yesterday">
      <pre-assgin></pre-assgin>
      <assign>Calendar.getInstance();</assign>
      <post-assign>{arg}.add(Calendar.DATE, -1);</post-assign>
    </pattern>
  </arg>
  <arg class="org.junithelper.example.Param" >
    <pattern name="taro">
      <assign>new Param()</assign>
   	  <post-assign>{arg}.name = "Taro"</post-assign>
    </pattern>
  </arg>
  <arg class="int" >
    <pattern name="minus1"><assign>-1</assign></pattern>
    <pattern name="0"><assign>0</assign></pattern>
    <pattern name="1"><assign>1</assign></pattern>
    <pattern name="2"><assign>2</assign></pattern>
  </arg>
  <arg class="java.lang.String" >
    <pattern name="Null">
      <assign>null</assign>
    </pattern>
    <pattern name="hoge">
      <assign>"hoge"</assign>
    </pattern>
    <pattern name="foo">
      <pre-assign>System.out.println("hoge")</pre-assign>
      <assign>"foo"</assign>
      <post-assign>System.out.println("foo")</post-assign>
    </pattern>
  </arg>
  <return class="hoge.ResultBean">
    <assert>assertEquals(0, actual.resultCode);</assert>
    <assert>assertEquals(0, actual.errors.size());</assert>
  </return>
</junithelper-extension>
